-------------------------------------------------------------------------------
Test set: io.kadev.QuizzBackend2ApplicationTests
-------------------------------------------------------------------------------
Tests run: 1, Failures: 0, Errors: 1, Skipped: 0, Time elapsed: 0.249 s <<< FAILURE! - in io.kadev.QuizzBackend2ApplicationTests
io.kadev.QuizzBackend2ApplicationTests  Time elapsed: 0.247 s  <<< ERROR!
java.lang.IllegalStateException: Unable to find a @SpringBootConfiguration, you need to use @ContextConfiguration or @SpringBootTest(classes=...) with your test

