<?xml version="1.0" encoding="UTF-8"?>
<testsuite xmlns:xsi="http://www.w3.org/2001/XMLSchema-instance" xsi:noNamespaceSchemaLocation="https://maven.apache.org/surefire/maven-surefire-plugin/xsd/surefire-test-report.xsd" name="io.kadev.QuizzBackend2ApplicationTests" time="0.249" tests="1" errors="1" skipped="0" failures="0">
  <properties>
[...]
</properties>
  <testcase name="io.kadev.QuizzBackend2ApplicationTests" classname="io.kadev.QuizzBackend2ApplicationTests" time="0.247">
    <error message="Unable to find a @SpringBootConfiguration, you need to use @ContextConfiguration or @SpringBootTest(classes=...) with your test" type="java.lang.IllegalStateException">java.lang.IllegalStateException: Unable to find a @SpringBootConfiguration, you need to use @ContextConfiguration or @SpringBootTest(classes=...) with your test
</error>
    <system-out><![CDATA[17:01:00.932 [main] DEBUG org.springframework.test.context.BootstrapUtils - Instantiating CacheAwareContextLoaderDelegate from class [org.springframework.test.context.cache.DefaultCacheAwareContextLoaderDelegate]
17:01:00.944 [main] DEBUG org.springframework.test.context.BootstrapUtils - Instantiating BootstrapContext using constructor [public org.springframework.test.context.support.DefaultBootstrapContext(java.lang.Class,org.springframework.test.context.CacheAwareContextLoaderDelegate)]
17:01:00.986 [main] DEBUG org.springframework.test.context.BootstrapUtils - Instantiating TestContextBootstrapper for test class [io.kadev.QuizzBackend2ApplicationTests] from class [org.springframework.boot.test.context.SpringBootTestContextBootstrapper]
17:01:00.998 [main] INFO org.springframework.boot.test.context.SpringBootTestContextBootstrapper - Neither @ContextConfiguration nor @ContextHierarchy found for test class [io.kadev.QuizzBackend2ApplicationTests], using SpringBootContextLoader
17:01:01.002 [main] DEBUG org.springframework.test.context.support.AbstractContextLoader - Did not detect default resource location for test class [io.kadev.QuizzBackend2ApplicationTests]: class path resource [io/kadev/QuizzBackend2ApplicationTests-context.xml] does not exist
17:01:01.003 [main] DEBUG org.springframework.test.context.support.AbstractContextLoader - Did not detect default resource location for test class [io.kadev.QuizzBackend2ApplicationTests]: class path resource [io/kadev/QuizzBackend2ApplicationTestsContext.groovy] does not exist
17:01:01.003 [main] INFO org.springframework.test.context.support.AbstractContextLoader - Could not detect default resource locations for test class [io.kadev.QuizzBackend2ApplicationTests]: no resource found for suffixes {-context.xml, Context.groovy}.
17:01:01.004 [main] INFO org.springframework.test.context.support.AnnotationConfigContextLoaderUtils - Could not detect default configuration classes for test class [io.kadev.QuizzBackend2ApplicationTests]: QuizzBackend2ApplicationTests does not declare any static, non-private, non-final, nested classes annotated with @Configuration.
17:01:01.056 [main] DEBUG org.springframework.test.context.support.ActiveProfilesUtils - Could not find an 'annotation declaring class' for annotation type [org.springframework.test.context.ActiveProfiles] and class [io.kadev.QuizzBackend2ApplicationTests]
]]></system-out>
  </testcase>
</testsuite>